<?xml version="1.0" encoding="UTF-8"?>
<testsuite name="com.bridgelabz.UserRegistrationTest" tests="1" skipped="0" failures="0" errors="0" timestamp="2021-05-28T10:15:55" hostname="DESKTOP-4IPP4FC" time="0.122">
  <properties/>
  <testcase name="givenEmailId_WhenProper_ShouldReturnTrue()" classname="com.bridgelabz.UserRegistrationTest" time="0.122"/>
  <system-out><![CDATA[]]></system-out>
  <system-err><![CDATA[]]></system-err>
</testsuite>
